<?xml version="1.0" encoding="UTF-8"?>
<!-- Generated by org.testng.reporters.JUnitReportReporter -->
<testsuite hostname="ackrishn" failures="0" tests="1" name="com.ibm.basetest.BaseTest" time="15.247" errors="0" timestamp="03 Jan 2019 06:44:36 GMT" skipped="0">
  <testcase classname="com.ibm.basetest.BaseTest" name="LoginTest" time="15.247"/>
</testsuite> <!-- com.ibm.basetest.BaseTest -->
